<?xml version="1.0" encoding="UTF-8"?>
<testng-results skipped="0" failed="0" total="1" passed="1">
  <reporter-output>
  </reporter-output>
  <suite name="Default suite" duration-ms="9669" started-at="2017-02-07T15:31:59Z" finished-at="2017-02-07T15:32:09Z">
    <groups>
    </groups>
    <test name="Default test" duration-ms="9669" started-at="2017-02-07T15:31:59Z" finished-at="2017-02-07T15:32:09Z">
      <class name="grid.GridEg">
        <test-method status="PASS" signature="test()[pri:0, instance:grid.GridEg@27ec6a9a]" name="test" duration-ms="9629" started-at="2017-02-07T21:01:59Z" finished-at="2017-02-07T21:02:09Z">
          <reporter-output>
          </reporter-output>
        </test-method> <!-- test -->
      </class> <!-- grid.GridEg -->
    </test> <!-- Default test -->
  </suite> <!-- Default suite -->
</testng-results>
